  Determining projects to restore...
  Restored /workspaces/BuildLab/controls/DisplayInputText/DisplayInputText.pcfproj (in 1.95 sec).
  Restored /workspaces/BuildLab/controls/DisplayInputText/obj/PowerAppsTools_dynintxt/PowerAppsTools_dynintxt.cdsproj (in 2.75 sec).
  
  > pcf-project@1.0.0 clean
  > pcf-scripts clean --noColor --buildMode development --outDir /workspaces/BuildLab/controls/DisplayInputText/out/controls/ --buildSource MSBuild
  
  [12:36:00 AM] [clean]  Initializing...
  [12:36:00 AM] [clean]  Cleaning build outputs...
  [12:36:00 AM] [clean]  Succeeded
  Cleaning output directory: bin\Debug/, Intermediate directory: obj/Debug/ and Solution Packager working directory: obj/Debug/
  Removing log file: obj/Debug/SolutionPackager.log and generated solution package: bin\Debug/PowerAppsTools_dynintxt.zip
  
  > pcf-project@1.0.0 build
  > pcf-scripts build --noColor --buildMode development --outDir /workspaces/BuildLab/controls/DisplayInputText/out/controls/ --buildSource MSBuild
  
  [12:36:05 AM] [build]  Initializing...
  [12:36:05 AM] [build]  Validating manifest...
  [12:36:05 AM] [build]  Validating control...
  [12:36:07 AM] [build]  Running ESLint...
  [12:36:10 AM] [build]  Generating manifest types...
  DeprecationWarning: 'createInterfaceDeclaration' has been deprecated since v4.8.0. Decorators are no longer supported for this function. Callers should switch to an overload that does not accept a 'decorators' parameter.
  [12:36:10 AM] [build]  Generating design types...
  [12:36:10 AM] [build]  Compiling and bundling control...
  [Webpack stats]:
  asset bundle.js 6.37 KiB [emitted] (name: main)
  ./DisplayInputText/index.ts 4.78 KiB [built] [code generated]
  webpack 5.81.0 compiled successfully in 3805 ms
  [12:36:16 AM] [build]  Generating build outputs...
  [12:36:16 AM] [build]  Succeeded
  Running Solution Packager to build package type: Unmanaged bin/Debug/PowerAppsTools_dynintxt.zip
  Solution: bin/Debug/PowerAppsTools_dynintxt.zip generated.
  Solution Package Type: Unmanaged generated.
  Completed intermiediate files clean up.
